2025-09-04 12:16:57,807 - ai_engine - INFO - GPT-2 generated command_output in 3.991s
2025-09-04 12:18:07,049 - ai_engine - INFO - GPT-2 generated command_output in 3.076s
2025-09-04 12:18:27,571 - ai_engine - INFO - GPT-2 generated command_output in 3.048s
2025-09-04 12:55:05,201 - ai_engine - INFO - GPT-2 generated command_output in 3.627s
2025-09-04 12:55:13,262 - ai_engine - INFO - GPT-2 generated command_output in 3.137s
2025-09-04 12:55:19,156 - ai_engine - INFO - GPT-2 generated command_output in 2.918s
2025-09-04 13:42:43,662 - ai_engine - INFO - GPT-2 generated command_output in 5.710s
2025-09-04 13:43:25,157 - ai_engine - INFO - GPT-2 generated command_output in 3.627s
2025-09-04 13:43:59,698 - ai_engine - INFO - GPT-2 generated file_content in 3.528s
2025-09-04 13:44:15,345 - ai_engine - INFO - GPT-2 generated command_output in 3.642s
2025-09-04 13:44:39,601 - ai_engine - INFO - GPT-2 generated file_content in 3.312s
2025-09-04 14:18:25,568 - ai_engine - INFO - GPT-2 generated command_output in 1.779s
2025-09-04 14:21:18,322 - ai_engine - INFO - GPT-2 generated command_output in 1.231s
2025-09-04 14:21:28,306 - ai_engine - INFO - GPT-2 generated command_output in 1.326s
2025-09-04 14:21:46,428 - ai_engine - INFO - GPT-2 generated command_output in 1.708s
2025-09-04 14:22:04,890 - ai_engine - INFO - GPT-2 generated command_output in 1.398s
2025-09-04 14:22:15,256 - ai_engine - INFO - GPT-2 generated file_content in 3.264s
2025-09-04 14:24:56,690 - ai_engine - INFO - GPT-2 generated command_output in 1.602s
2025-09-04 14:26:25,817 - ai_engine - INFO - CTGAN generated customers_model_training in 19.596s
2025-09-04 14:26:25,852 - ai_engine - INFO - CTGAN generated customers_synthetic_data in 19.633s
2025-09-04 14:26:44,144 - ai_engine - INFO - CTGAN generated customers_synthetic_data in 0.078s
2025-09-04 14:26:57,767 - ai_engine - INFO - CTGAN generated customers_synthetic_data in 0.054s
2025-09-04 14:27:38,566 - ai_engine - INFO - GPT-2 generated command_output in 1.694s
2025-09-04 15:06:59,294 - ai_engine - INFO - GPT-2 generated command_output in 1.900s
2025-09-04 15:07:12,117 - ai_engine - INFO - GPT-2 generated command_output in 1.765s
2025-09-04 15:07:41,304 - ai_engine - INFO - CTGAN generated customers_model_training in 18.326s
2025-09-04 15:07:41,341 - ai_engine - INFO - CTGAN generated customers_synthetic_data in 18.362s
2025-09-04 15:07:44,274 - ai_engine - INFO - GPT-2 generated file_content in 2.926s
2025-09-04 15:09:48,081 - ai_engine - INFO - GPT-2 generated command_output in 1.406s
2025-09-04 15:09:57,378 - ai_engine - INFO - GPT-2 generated file_content in 3.159s
2025-09-04 15:11:14,860 - ai_engine - INFO - TimeGAN/LSTM generated log_sequence in 0.000s
2025-09-04 15:40:53,056 - ai_engine - INFO - GPT-2 generated command_output in 2.130s
2025-09-04 15:41:22,854 - ai_engine - INFO - GPT-2 generated command_output in 1.460s
2025-09-04 15:41:46,107 - ai_engine - INFO - CTGAN generated customers_model_training in 16.728s
2025-09-04 15:41:46,152 - ai_engine - INFO - CTGAN generated customers_synthetic_data in 16.775s
2025-09-04 15:42:06,078 - ai_engine - INFO - CTGAN generated customers_synthetic_data in 0.076s
2025-09-04 15:42:24,752 - ai_engine - INFO - GPT-2 generated command_output in 1.305s
2025-09-04 15:42:38,095 - ai_engine - INFO - GPT-2 generated file_content in 1.524s
2025-09-04 15:51:44,771 - ai_engine - INFO - GPT-2 generated command_output in 2.140s
2025-09-04 15:51:55,736 - ai_engine - INFO - GPT-2 generated command_output in 1.256s
2025-09-04 15:52:21,737 - ai_engine - INFO - CTGAN generated customers_model_training in 16.754s
2025-09-04 15:52:21,775 - ai_engine - INFO - CTGAN generated customers_synthetic_data in 16.794s
2025-09-04 15:52:39,875 - ai_engine - INFO - GPT-2 generated file_content in 3.397s
2025-09-04 16:16:40,615 - ai_engine - INFO - GPT-2 generated command_output in 1.859s
2025-09-04 16:16:54,626 - ai_engine - INFO - GPT-2 generated command_output in 1.283s
2025-09-04 16:17:18,913 - ai_engine - INFO - CTGAN generated customers_model_training in 17.154s
2025-09-04 16:17:18,959 - ai_engine - INFO - CTGAN generated customers_synthetic_data in 17.201s
2025-09-04 16:18:39,196 - ai_engine - INFO - GPT-2 generated file_content in 3.412s
2025-09-04 16:20:09,531 - ai_engine - INFO - GPT-2 generated command_output in 1.984s
2025-09-04 16:20:17,745 - ai_engine - INFO - GPT-2 generated command_output in 1.405s
2025-09-04 16:36:02,129 - ai_engine - INFO - GPT-2 generated command_output in 2.181s
2025-09-04 16:36:12,811 - ai_engine - INFO - GPT-2 generated command_output in 1.751s
2025-09-04 16:36:56,483 - ai_engine - INFO - CTGAN generated customers_model_training in 16.935s
2025-09-04 16:36:56,719 - ai_engine - INFO - CTGAN generated customers_synthetic_data in 17.171s
2025-09-04 16:37:08,911 - ai_engine - INFO - GPT-2 generated command_output in 1.368s
2025-09-04 16:37:21,055 - ai_engine - INFO - GPT-2 generated file_content in 3.566s
2025-09-04 16:37:40,367 - ai_engine - INFO - GPT-2 generated command_output in 1.581s
2025-09-04 16:38:46,363 - ai_engine - INFO - CTGAN generated customers_synthetic_data in 0.069s
2025-09-04 16:39:39,857 - ai_engine - INFO - CTGAN generated customers_model_training in 13.451s
2025-09-04 16:41:48,127 - ai_engine - INFO - CTGAN generated customers_synthetic_data in 0.054s
2025-09-04 16:41:58,843 - ai_engine - INFO - CTGAN generated customers_synthetic_data in 0.054s
2025-09-04 16:42:11,756 - ai_engine - INFO - CTGAN generated customers_synthetic_data in 0.058s
2025-09-04 16:46:35,917 - ai_engine - INFO - GPT-2 generated command_output in 2.514s
2025-09-04 16:46:42,906 - ai_engine - INFO - GPT-2 generated command_output in 1.405s
2025-09-04 16:47:06,175 - ai_engine - INFO - CTGAN generated customers_model_training in 17.489s
2025-09-04 16:47:06,207 - ai_engine - INFO - CTGAN generated customers_synthetic_data in 17.522s
2025-09-04 16:47:14,148 - ai_engine - INFO - CTGAN generated customers_synthetic_data in 0.061s
2025-09-04 16:48:04,157 - ai_engine - INFO - CTGAN generated customers_synthetic_data in 0.059s
2025-09-04 18:30:38,391 - ai_engine - INFO - GPT-2 generated command_output in 7.938s
2025-09-10 11:49:37,567 - ai_engine - INFO - GPT-2 generated command_output in 15.273s
2025-09-10 11:49:59,693 - ai_engine - INFO - GPT-2 generated command_output in 7.757s
2025-09-10 11:51:06,749 - ai_engine - INFO - CTGAN generated customers_model_training in 55.137s
2025-09-10 11:51:06,877 - ai_engine - INFO - CTGAN generated customers_synthetic_data in 55.265s
2025-09-10 11:52:03,677 - ai_engine - INFO - GPT-2 generated command_output in 7.708s
2025-09-10 11:54:25,210 - ai_engine - INFO - GPT-2 generated command_output in 6.976s
2025-09-10 11:57:00,145 - ai_engine - INFO - CTGAN generated customers_synthetic_data in 0.137s
2025-09-15 12:38:22,291 - ai_engine - INFO - GPT-2 generated command_output in 12.218s
2025-09-15 12:38:54,280 - ai_engine - INFO - GPT-2 generated command_output in 11.368s
2025-09-15 12:41:26,362 - ai_engine - INFO - GPT-2 generated command_output in 7.344s
2025-09-15 12:42:01,404 - ai_engine - INFO - GPT-2 generated command_output in 7.117s
2025-09-15 12:59:08,718 - ai_engine - INFO - GPT-2 generated command_output in 8.416s
2025-09-15 12:59:29,622 - ai_engine - INFO - GPT-2 generated command_output in 12.708s
2025-09-15 13:05:35,801 - ai_engine - INFO - GPT-2 generated command_output in 6.731s
2025-09-15 13:07:02,001 - ai_engine - INFO - GPT-2 generated command_output in 6.738s
2025-09-15 13:08:15,456 - ai_engine - INFO - GPT-2 generated command_output in 6.670s
2025-09-15 13:08:58,653 - ai_engine - INFO - GPT-2 generated command_output in 6.965s
2025-09-15 13:28:53,732 - ai_engine - INFO - GPT-2 generated command_output in 8.129s
2025-09-15 13:30:20,586 - ai_engine - INFO - GPT-2 generated command_output in 6.559s
2025-09-15 13:32:42,612 - ai_engine - INFO - CTGAN generated customers_model_training in 53.174s
2025-09-15 13:32:42,778 - ai_engine - INFO - CTGAN generated customers_synthetic_data in 53.341s
2025-09-15 13:35:45,929 - ai_engine - INFO - CTGAN generated customers_synthetic_data in 0.129s
2025-09-15 13:44:48,468 - ai_engine - INFO - GPT-2 generated command_output in 6.224s
2025-09-15 13:45:07,466 - ai_engine - INFO - GPT-2 generated file_content in 10.394s
2025-09-15 15:31:16,150 - ai_engine - INFO - GPT-2 generated command_output in 7.849s
2025-09-15 15:32:20,160 - ai_engine - INFO - GPT-2 generated command_output in 6.523s
2025-09-15 15:34:27,793 - ai_engine - INFO - CTGAN generated customers_model_training in 40.937s
2025-09-15 15:34:27,902 - ai_engine - INFO - CTGAN generated customers_synthetic_data in 41.046s
2025-09-17 12:15:39,712 - ai_engine - INFO - GPT-2 generated command_output in 5.939s
2025-09-17 12:16:12,766 - ai_engine - INFO - GPT-2 generated command_output in 4.775s
2025-09-17 12:22:09,048 - ai_engine - INFO - CTGAN generated transactions_model_training in 80.750s
2025-09-17 12:22:09,123 - ai_engine - INFO - CTGAN generated transactions_synthetic_data in 80.825s
2025-11-20 18:46:43,844 - ai_engine - INFO - GPT-2 generated command_output in 5.553s
2025-11-20 18:47:02,887 - ai_engine - INFO - GPT-2 generated command_output in 3.989s
2025-11-29 21:21:43,205 - ai_engine - INFO - GPT-2 generated command_output in 10.714s
2025-11-29 21:22:06,417 - ai_engine - INFO - GPT-2 generated command_output in 4.127s
2025-11-29 21:23:26,205 - ai_engine - INFO - CTGAN generated customers_model_training in 45.171s
2025-11-29 21:23:26,301 - ai_engine - INFO - CTGAN generated customers_synthetic_data in 45.267s
2025-11-29 21:24:20,069 - ai_engine - INFO - CTGAN generated transactions_model_training in 54.819s
